<?xml version="1.0" encoding="UTF-8"?>
<!-- Generated by org.testng.reporters.JUnitReportReporter -->
<testsuite hostname="DESKTOP-9699J9O" name="com.karros.test.Count_Request" tests="1" failures="0" timestamp="5 Jan 2020 15:37:21 GMT" time="7.125" errors="0">
  <testcase name="countRequest" time="7.125" classname="com.karros.test.Count_Request"/>
</testsuite> <!-- com.karros.test.Count_Request -->
