<?xml version="1.0" encoding="UTF-8"?>
<!-- Generated by org.testng.reporters.JUnitReportReporter -->
<testsuite hostname="DESKTOP-9699J9O" name="com.karros.test.API_Test" tests="1" failures="0" timestamp="5 Jan 2020 15:37:21 GMT" time="2.701" errors="0">
  <testcase name="verifyAPI" time="2.701" classname="com.karros.test.API_Test"/>
</testsuite> <!-- com.karros.test.API_Test -->
